<?xml version="1.0" encoding="UTF-8"?>
<testsuite name="rspec" tests="121" skipped="0" failures="0" errors="0" time="0.248144" timestamp="2018-11-09T11:21:20-05:00" hostname="sysras1.bobst.nyu.edu">
<properties>
<property name="seed" value="64997"/>
</properties>
<testcase classname="spec.controllers.application_controller_spec" name="ApplicationController GET /healthcheck status should eq 200" file="./spec/controllers/application_controller_spec.rb" time="0.024794"></testcase>
<testcase classname="spec.controllers.application_controller_spec" name="ApplicationController GET /healthcheck body should eq &quot;{\&quot;success\&quot;:true}&quot;" file="./spec/controllers/application_controller_spec.rb" time="0.000599"></testcase>
<testcase classname="spec.controllers.application_controller_spec" name="ApplicationController GET /m/:identifier status should eq 200" file="./spec/controllers/application_controller_spec.rb" time="0.028968"></testcase>
<testcase classname="spec.controllers.application_controller_spec" name="ApplicationController GET /m/:identifier body should include &quot;Refworks Tagged Format&quot;" file="./spec/controllers/application_controller_spec.rb" time="0.008222"></testcase>
<testcase classname="spec.controllers.application_controller_spec" name="ApplicationController GET /m/:identifier body should include &quot;RIS&quot;" file="./spec/controllers/application_controller_spec.rb" time="0.006289"></testcase>
<testcase classname="spec.controllers.application_controller_spec" name="ApplicationController GET /m/:identifier body should include &quot;BibTeX&quot;" file="./spec/controllers/application_controller_spec.rb" time="0.007110"></testcase>
<testcase classname="spec.controllers.application_controller_spec" name="ApplicationController GET /m/:identifier body should include &quot;OpenURL&quot;" file="./spec/controllers/application_controller_spec.rb" time="0.007290"></testcase>
<testcase classname="spec.controllers.application_controller_spec" name="ApplicationController GET /m/:identifier body should include &quot;&lt;textarea aria-label=\&quot;Export data\&quot; class=\&quot;raw-data\&quot;&gt;&quot;" file="./spec/controllers/application_controller_spec.rb" time="0.006430"></testcase>
<testcase classname="spec.controllers.application_controller_spec" name="ApplicationController GET /m/:identifier body should include &quot;https://nyu.qualtrics.com/jfe/form/SV_8AnbZWUryVfpWXH&quot;" file="./spec/controllers/application_controller_spec.rb" time="0.006233"></testcase>
<testcase classname="spec.controllers.application_controller_spec" name="ApplicationController GET /m/:identifier body should include &quot;Report a mapping or metadata problem&quot;" file="./spec/controllers/application_controller_spec.rb" time="0.006367"></testcase>
<testcase classname="spec.controllers.application_controller_spec" name="ApplicationController GET /m/:identifier body should include &quot;http://bobcatdev.library.nyu.edu/primo_library/libweb/webservices/rest/v1/pnxs/L/nyu_aleph004508721?inst=NYU&quot;" file="./spec/controllers/application_controller_spec.rb" time="0.009348"></testcase>
<testcase classname="spec.controllers.application_controller_spec" name="ApplicationController GET /m/:identifier body should include &quot;View the raw PNX JSON (IP restricted)&quot;" file="./spec/controllers/application_controller_spec.rb" time="0.006509"></testcase>
<testcase classname="spec.controllers.application_controller_spec" name="ApplicationController GET /:identifier error messages when required params are missing when local_id is missing should include &quot;We could not export or download this citation because of missing data in the parameters. Please use the link below to report this problem.&quot;" file="./spec/controllers/application_controller_spec.rb" time="0.001617"></testcase>
<testcase classname="spec.controllers.application_controller_spec" name="ApplicationController GET /:identifier error messages when required params are missing when cite_to is missing should include &quot;We could not export or download this citation because of missing data in the parameters. Please use the link below to report this problem.&quot;" file="./spec/controllers/application_controller_spec.rb" time="0.000800"></testcase>
<testcase classname="spec.controllers.application_controller_spec" name="ApplicationController GET /:identifier error messages when required params are missing when institution is missing should include &quot;We could not export or download this citation because of missing data in the parameters. Please use the link below to report this problem.&quot;" file="./spec/controllers/application_controller_spec.rb" time="0.000873"></testcase>
<testcase classname="spec.controllers.application_controller_spec" name="ApplicationController GET /:identifier error messages when required params are missing when calling_system is missing should include &quot;We could not export or download this citation because of missing data in the parameters. Please use the link below to report this problem.&quot;" file="./spec/controllers/application_controller_spec.rb" time="0.000750"></testcase>
<testcase classname="spec.controllers.application_controller_spec" name="ApplicationController GET /:identifier error message when local_id cannot be found in primo API when local_id returns an error from the API should include &quot;We could not export or download this citation because of missing or incomplete data in the catalog record. Please use the link below to report this problem.&quot;" file="./spec/controllers/application_controller_spec.rb" time="0.007125"></testcase>
<testcase classname="spec.controllers.application_controller_spec" name="ApplicationController GET /:identifier error message when local_id cannot be found in primo API when local_id returns an error from the API should include &quot;Make sure to include the following ID in your report:&quot;" file="./spec/controllers/application_controller_spec.rb" time="0.004868"></testcase>
<testcase classname="spec.controllers.application_controller_spec" name="ApplicationController GET /:identifier error message when local_id cannot be found in primo API when local_id returns an error from the API should include &quot;nyu_aleph&quot;" file="./spec/controllers/application_controller_spec.rb" time="0.005766"></testcase>
<testcase classname="spec.controllers.application_controller_spec" name="ApplicationController GET /:identifier responses when all required parameters are present and cite_to is RIS body should include &quot;TY  - BOOK&quot;" file="./spec/controllers/application_controller_spec.rb" time="0.005507"></testcase>
<testcase classname="spec.controllers.application_controller_spec" name="ApplicationController GET /:identifier responses when all required parameters are present and cite_to is RIS body should include &quot;Pinsker, Sanford&quot;" file="./spec/controllers/application_controller_spec.rb" time="0.005229"></testcase>
<testcase classname="spec.controllers.application_controller_spec" name="ApplicationController GET /:identifier responses when all required parameters are present and cite_to is RIS body should include &quot;ER&quot;" file="./spec/controllers/application_controller_spec.rb" time="0.005817"></testcase>
<testcase classname="spec.controllers.application_controller_spec" name="ApplicationController GET /:identifier responses when all required parameters are present and cite_to is EndNote status should eql 303" file="./spec/controllers/application_controller_spec.rb" time="0.006897"></testcase>
<testcase classname="spec.controllers.application_controller_spec" name="ApplicationController GET /:identifier responses when all required parameters are present and cite_to is BibTex body should include &quot;Pinsker, Sanford&quot;" file="./spec/controllers/application_controller_spec.rb" time="0.006968"></testcase>
<testcase classname="spec.controllers.application_controller_spec" name="ApplicationController GET /:identifier responses when all required parameters are present and cite_to is RefWorks body should include &quot;RT Book, Whole&quot;" file="./spec/controllers/application_controller_spec.rb" time="0.007625"></testcase>
<testcase classname="spec.controllers.application_controller_spec" name="ApplicationController GET /:identifier responses when all required parameters are present and cite_to is RefWorks body should include &quot;Pinsker, Sanford&quot;" file="./spec/controllers/application_controller_spec.rb" time="0.006274"></testcase>
<testcase classname="spec.controllers.application_controller_spec" name="ApplicationController GET /:identifier responses when all required parameters are present and cite_to is RefWorks body should not include &quot;ER&quot;" file="./spec/controllers/application_controller_spec.rb" time="0.006257"></testcase>
<testcase classname="spec.controllers.application_controller_spec" name="ApplicationController GET /:identifier responses when all required parameters are present and cite_to is OpenURL status should eql 303" file="./spec/controllers/application_controller_spec.rb" time="0.007297"></testcase>
<testcase classname="spec.controllers.application_controller_spec" name="ApplicationController GET /:identifier responses when all required parameters are present and cite_to is OpenURL body should eql &quot;&quot;" file="./spec/controllers/application_controller_spec.rb" time="0.005703"></testcase>
<testcase classname="spec.lib.calling_systems.primo_spec" name="CallingSystems::Primo.new should be an instance of CallingSystems::Primo" file="./spec/lib/calling_systems/primo_spec.rb" time="0.001348"></testcase>
<testcase classname="spec.lib.calling_systems.primo_spec" name="CallingSystems::Primo.new local_id should eql &quot;nyu_aleph004508721&quot;" file="./spec/lib/calling_systems/primo_spec.rb" time="0.000303"></testcase>
<testcase classname="spec.lib.calling_systems.primo_spec" name="CallingSystems::Primo.new institution should eql &quot;NYU&quot;" file="./spec/lib/calling_systems/primo_spec.rb" time="0.000188"></testcase>
<testcase classname="spec.lib.calling_systems.primo_spec" name="CallingSystems::Primo#get_pnx_json when link field is populated [&quot;pnxId&quot;] should eql &quot;nyu_aleph004508721&quot;" file="./spec/lib/calling_systems/primo_spec.rb" time="0.004379"></testcase>
<testcase classname="spec.lib.calling_systems.primo_spec" name="CallingSystems::Primo#pnx_json_api_endpoint should include &quot;/primo_library/libweb/webservices/rest/v1/pnxs/L/nyu_aleph004508721&quot;" file="./spec/lib/calling_systems/primo_spec.rb" time="0.000230"></testcase>
<testcase classname="spec.lib.calling_systems.primo_spec" name="CallingSystems::Primo#error? when the aleph ID is valid should eql false" file="./spec/lib/calling_systems/primo_spec.rb" time="0.005663"></testcase>
<testcase classname="spec.lib.calling_systems.primo_spec" name="CallingSystems::Primo#error? when the aleph ID is invalid should eql true" file="./spec/lib/calling_systems/primo_spec.rb" time="0.004101"></testcase>
<testcase classname="spec.lib.calling_systems.primo_spec" name="CallingSystems::Primo#openurl should include &quot;rfr_id=info:sid/primo.exlibrisgroup.com:primo-nyu_aleph004508721&quot;" file="./spec/lib/calling_systems/primo_spec.rb" time="0.004321"></testcase>
<testcase classname="spec.lib.push_formats.base_spec" name="PushFormats::Base#initialize should be an instance of PushFormats::Base" file="./spec/lib/push_formats/base_spec.rb" time="0.000105"></testcase>
<testcase classname="spec.lib.push_formats.base_spec" name="PushFormats::Base#initialize name should eql &quot;Service&quot;" file="./spec/lib/push_formats/base_spec.rb" time="0.000107"></testcase>
<testcase classname="spec.lib.push_formats.base_spec" name="PushFormats::Base#initialize id should eql &quot;service&quot;" file="./spec/lib/push_formats/base_spec.rb" time="0.000129"></testcase>
<testcase classname="spec.lib.push_formats.base_spec" name="PushFormats::Base#initialize action should eql &quot;&quot;" file="./spec/lib/push_formats/base_spec.rb" time="0.000096"></testcase>
<testcase classname="spec.lib.push_formats.base_spec" name="PushFormats::Base#initialize method should eql &quot;POST&quot;" file="./spec/lib/push_formats/base_spec.rb" time="0.000123"></testcase>
<testcase classname="spec.lib.push_formats.base_spec" name="PushFormats::Base#initialize enctype should eql &quot;application/x-www-form-urlencoded&quot;" file="./spec/lib/push_formats/base_spec.rb" time="0.000097"></testcase>
<testcase classname="spec.lib.push_formats.base_spec" name="PushFormats::Base#initialize element_name should eql &quot;data&quot;" file="./spec/lib/push_formats/base_spec.rb" time="0.000093"></testcase>
<testcase classname="spec.lib.push_formats.base_spec" name="PushFormats::Base#initialize filename should eql &quot;export&quot;" file="./spec/lib/push_formats/base_spec.rb" time="0.000094"></testcase>
<testcase classname="spec.lib.push_formats.base_spec" name="PushFormats::Base#initialize to_format should eql &quot;&quot;" file="./spec/lib/push_formats/base_spec.rb" time="0.000091"></testcase>
<testcase classname="spec.lib.push_formats.base_spec" name="PushFormats::Base#initialize mimetype should eql &quot;text/plain&quot;" file="./spec/lib/push_formats/base_spec.rb" time="0.000093"></testcase>
<testcase classname="spec.lib.push_formats.base_spec" name="PushFormats::Base#redirect_to_external? should equal false" file="./spec/lib/push_formats/base_spec.rb" time="0.001041"></testcase>
<testcase classname="spec.lib.push_formats.base_spec" name="PushFormats::Base#post_form_to_external? should equal false" file="./spec/lib/push_formats/base_spec.rb" time="0.000099"></testcase>
<testcase classname="spec.lib.push_formats.base_spec" name="PushFormats::Base#download? should equal true" file="./spec/lib/push_formats/base_spec.rb" time="0.000099"></testcase>
<testcase classname="spec.lib.push_formats.base_spec" name="PushFormats::Base#to_sym should eql :base" file="./spec/lib/push_formats/base_spec.rb" time="0.000096"></testcase>
<testcase classname="spec.lib.push_formats.bibtex_spec" name="PushFormats::Bibtex#initialize should be an instance of PushFormats::Bibtex" file="./spec/lib/push_formats/bibtex_spec.rb" time="0.000084"></testcase>
<testcase classname="spec.lib.push_formats.bibtex_spec" name="PushFormats::Bibtex#initialize name should eql &quot;BibTeX&quot;" file="./spec/lib/push_formats/bibtex_spec.rb" time="0.000100"></testcase>
<testcase classname="spec.lib.push_formats.bibtex_spec" name="PushFormats::Bibtex#initialize id should eql &quot;bibtex&quot;" file="./spec/lib/push_formats/bibtex_spec.rb" time="0.000097"></testcase>
<testcase classname="spec.lib.push_formats.bibtex_spec" name="PushFormats::Bibtex#initialize action should eql &quot;&quot;" file="./spec/lib/push_formats/bibtex_spec.rb" time="0.000095"></testcase>
<testcase classname="spec.lib.push_formats.bibtex_spec" name="PushFormats::Bibtex#initialize method should eql &quot;POST&quot;" file="./spec/lib/push_formats/bibtex_spec.rb" time="0.000094"></testcase>
<testcase classname="spec.lib.push_formats.bibtex_spec" name="PushFormats::Bibtex#initialize enctype should eql &quot;application/x-www-form-urlencoded&quot;" file="./spec/lib/push_formats/bibtex_spec.rb" time="0.000095"></testcase>
<testcase classname="spec.lib.push_formats.bibtex_spec" name="PushFormats::Bibtex#initialize element_name should eql &quot;data&quot;" file="./spec/lib/push_formats/bibtex_spec.rb" time="0.000156"></testcase>
<testcase classname="spec.lib.push_formats.bibtex_spec" name="PushFormats::Bibtex#initialize filename should eql &quot;export.bib&quot;" file="./spec/lib/push_formats/bibtex_spec.rb" time="0.000092"></testcase>
<testcase classname="spec.lib.push_formats.bibtex_spec" name="PushFormats::Bibtex#initialize to_format should eql &quot;bibtex&quot;" file="./spec/lib/push_formats/bibtex_spec.rb" time="0.000110"></testcase>
<testcase classname="spec.lib.push_formats.bibtex_spec" name="PushFormats::Bibtex#initialize mimetype should eql &quot;application/x-bibtex&quot;" file="./spec/lib/push_formats/bibtex_spec.rb" time="0.000092"></testcase>
<testcase classname="spec.lib.push_formats.bibtex_spec" name="PushFormats::Bibtex#redirect_to_external? should equal false" file="./spec/lib/push_formats/bibtex_spec.rb" time="0.000104"></testcase>
<testcase classname="spec.lib.push_formats.bibtex_spec" name="PushFormats::Bibtex#post_form_to_external? should equal false" file="./spec/lib/push_formats/bibtex_spec.rb" time="0.000085"></testcase>
<testcase classname="spec.lib.push_formats.bibtex_spec" name="PushFormats::Bibtex#download? should equal true" file="./spec/lib/push_formats/bibtex_spec.rb" time="0.000092"></testcase>
<testcase classname="spec.lib.push_formats.bibtex_spec" name="PushFormats::Bibtex#to_sym should eql :bibtex" file="./spec/lib/push_formats/bibtex_spec.rb" time="0.000134"></testcase>
<testcase classname="spec.lib.push_formats.endnote_spec" name="PushFormats::Endnote#initialize should be an instance of PushFormats::Endnote" file="./spec/lib/push_formats/endnote_spec.rb" time="0.000085"></testcase>
<testcase classname="spec.lib.push_formats.endnote_spec" name="PushFormats::Endnote#initialize name should eql &quot;EndNote&quot;" file="./spec/lib/push_formats/endnote_spec.rb" time="0.000103"></testcase>
<testcase classname="spec.lib.push_formats.endnote_spec" name="PushFormats::Endnote#initialize id should eql &quot;endnote&quot;" file="./spec/lib/push_formats/endnote_spec.rb" time="0.000099"></testcase>
<testcase classname="spec.lib.push_formats.endnote_spec" name="PushFormats::Endnote#initialize action should eql &quot;http://www.myendnoteweb.com/?func=directExport&amp;partnerName=Primo&amp;dataIdentifier=1&amp;dataRequestUrl=&quot;" file="./spec/lib/push_formats/endnote_spec.rb" time="0.000097"></testcase>
<testcase classname="spec.lib.push_formats.endnote_spec" name="PushFormats::Endnote#initialize method should eql &quot;POST&quot;" file="./spec/lib/push_formats/endnote_spec.rb" time="0.000125"></testcase>
<testcase classname="spec.lib.push_formats.endnote_spec" name="PushFormats::Endnote#initialize enctype should eql &quot;application/x-www-form-urlencoded&quot;" file="./spec/lib/push_formats/endnote_spec.rb" time="0.000093"></testcase>
<testcase classname="spec.lib.push_formats.endnote_spec" name="PushFormats::Endnote#initialize element_name should eql &quot;data&quot;" file="./spec/lib/push_formats/endnote_spec.rb" time="0.000144"></testcase>
<testcase classname="spec.lib.push_formats.endnote_spec" name="PushFormats::Endnote#initialize filename should eql &quot;export&quot;" file="./spec/lib/push_formats/endnote_spec.rb" time="0.000090"></testcase>
<testcase classname="spec.lib.push_formats.endnote_spec" name="PushFormats::Endnote#initialize to_format should eql &quot;ris&quot;" file="./spec/lib/push_formats/endnote_spec.rb" time="0.000115"></testcase>
<testcase classname="spec.lib.push_formats.endnote_spec" name="PushFormats::Endnote#initialize mimetype should eql &quot;text/plain&quot;" file="./spec/lib/push_formats/endnote_spec.rb" time="0.000088"></testcase>
<testcase classname="spec.lib.push_formats.endnote_spec" name="PushFormats::Endnote#redirect_to_external? should equal true" file="./spec/lib/push_formats/endnote_spec.rb" time="0.000083"></testcase>
<testcase classname="spec.lib.push_formats.endnote_spec" name="PushFormats::Endnote#post_form_to_external? should equal false" file="./spec/lib/push_formats/endnote_spec.rb" time="0.000081"></testcase>
<testcase classname="spec.lib.push_formats.endnote_spec" name="PushFormats::Endnote#download? should equal false" file="./spec/lib/push_formats/endnote_spec.rb" time="0.000079"></testcase>
<testcase classname="spec.lib.push_formats.endnote_spec" name="PushFormats::Endnote#to_sym should eql :endnote" file="./spec/lib/push_formats/endnote_spec.rb" time="0.000088"></testcase>
<testcase classname="spec.lib.push_formats.openurl_spec" name="PushFormats::Openurl#initialize should be an instance of PushFormats::Openurl" file="./spec/lib/push_formats/openurl_spec.rb" time="0.000094"></testcase>
<testcase classname="spec.lib.push_formats.openurl_spec" name="PushFormats::Openurl#initialize name should eql &quot;OpenURL&quot;" file="./spec/lib/push_formats/openurl_spec.rb" time="0.000097"></testcase>
<testcase classname="spec.lib.push_formats.openurl_spec" name="PushFormats::Openurl#initialize id should eql &quot;openurl&quot;" file="./spec/lib/push_formats/openurl_spec.rb" time="0.000091"></testcase>
<testcase classname="spec.lib.push_formats.openurl_spec" name="PushFormats::Openurl#initialize action should eql &quot;&quot;" file="./spec/lib/push_formats/openurl_spec.rb" time="0.000120"></testcase>
<testcase classname="spec.lib.push_formats.openurl_spec" name="PushFormats::Openurl#initialize method should eql &quot;POST&quot;" file="./spec/lib/push_formats/openurl_spec.rb" time="0.000088"></testcase>
<testcase classname="spec.lib.push_formats.openurl_spec" name="PushFormats::Openurl#initialize enctype should eql &quot;application/x-www-form-urlencoded&quot;" file="./spec/lib/push_formats/openurl_spec.rb" time="0.000119"></testcase>
<testcase classname="spec.lib.push_formats.openurl_spec" name="PushFormats::Openurl#initialize element_name should eql &quot;data&quot;" file="./spec/lib/push_formats/openurl_spec.rb" time="0.000093"></testcase>
<testcase classname="spec.lib.push_formats.openurl_spec" name="PushFormats::Openurl#initialize filename should eql &quot;export&quot;" file="./spec/lib/push_formats/openurl_spec.rb" time="0.000129"></testcase>
<testcase classname="spec.lib.push_formats.openurl_spec" name="PushFormats::Openurl#initialize to_format should eql &quot;openurl&quot;" file="./spec/lib/push_formats/openurl_spec.rb" time="0.000093"></testcase>
<testcase classname="spec.lib.push_formats.openurl_spec" name="PushFormats::Openurl#initialize mimetype should eql &quot;text/plain&quot;" file="./spec/lib/push_formats/openurl_spec.rb" time="0.000087"></testcase>
<testcase classname="spec.lib.push_formats.openurl_spec" name="PushFormats::Openurl#redirect_to_external? should equal false" file="./spec/lib/push_formats/openurl_spec.rb" time="0.000085"></testcase>
<testcase classname="spec.lib.push_formats.openurl_spec" name="PushFormats::Openurl#post_form_to_external? should equal false" file="./spec/lib/push_formats/openurl_spec.rb" time="0.000081"></testcase>
<testcase classname="spec.lib.push_formats.openurl_spec" name="PushFormats::Openurl#download? should equal false" file="./spec/lib/push_formats/openurl_spec.rb" time="0.000082"></testcase>
<testcase classname="spec.lib.push_formats.openurl_spec" name="PushFormats::Openurl#to_sym should eql :openurl" file="./spec/lib/push_formats/openurl_spec.rb" time="0.000087"></testcase>
<testcase classname="spec.lib.push_formats.refworks_spec" name="PushFormats::Refworks#initialize should be an instance of PushFormats::Refworks" file="./spec/lib/push_formats/refworks_spec.rb" time="0.000082"></testcase>
<testcase classname="spec.lib.push_formats.refworks_spec" name="PushFormats::Refworks#initialize name should eql &quot;RefWorks&quot;" file="./spec/lib/push_formats/refworks_spec.rb" time="0.000116"></testcase>
<testcase classname="spec.lib.push_formats.refworks_spec" name="PushFormats::Refworks#initialize id should eql &quot;refworks&quot;" file="./spec/lib/push_formats/refworks_spec.rb" time="0.000089"></testcase>
<testcase classname="spec.lib.push_formats.refworks_spec" name="PushFormats::Refworks#initialize action should eql &quot;https://www.refworks.com/express/ExpressImport.asp?vendor=Primo&amp;filter=RefWorks%20Tagged%20Format&amp;encoding=65001&amp;url=&quot;" file="./spec/lib/push_formats/refworks_spec.rb" time="0.000129"></testcase>
<testcase classname="spec.lib.push_formats.refworks_spec" name="PushFormats::Refworks#initialize method should eql &quot;POST&quot;" file="./spec/lib/push_formats/refworks_spec.rb" time="0.000093"></testcase>
<testcase classname="spec.lib.push_formats.refworks_spec" name="PushFormats::Refworks#initialize enctype should eql &quot;application/x-www-form-urlencoded&quot;" file="./spec/lib/push_formats/refworks_spec.rb" time="0.000107"></testcase>
<testcase classname="spec.lib.push_formats.refworks_spec" name="PushFormats::Refworks#initialize element_name should eql &quot;ImportData&quot;" file="./spec/lib/push_formats/refworks_spec.rb" time="0.000094"></testcase>
<testcase classname="spec.lib.push_formats.refworks_spec" name="PushFormats::Refworks#initialize filename should eql &quot;export&quot;" file="./spec/lib/push_formats/refworks_spec.rb" time="0.000124"></testcase>
<testcase classname="spec.lib.push_formats.refworks_spec" name="PushFormats::Refworks#initialize to_format should eql &quot;refworks_tagged&quot;" file="./spec/lib/push_formats/refworks_spec.rb" time="0.000122"></testcase>
<testcase classname="spec.lib.push_formats.refworks_spec" name="PushFormats::Refworks#initialize mimetype should eql &quot;text/plain&quot;" file="./spec/lib/push_formats/refworks_spec.rb" time="0.000126"></testcase>
<testcase classname="spec.lib.push_formats.refworks_spec" name="PushFormats::Refworks#redirect_to_external? should equal false" file="./spec/lib/push_formats/refworks_spec.rb" time="0.000091"></testcase>
<testcase classname="spec.lib.push_formats.refworks_spec" name="PushFormats::Refworks#post_form_to_external? should equal true" file="./spec/lib/push_formats/refworks_spec.rb" time="0.000136"></testcase>
<testcase classname="spec.lib.push_formats.refworks_spec" name="PushFormats::Refworks#download? should equal false" file="./spec/lib/push_formats/refworks_spec.rb" time="0.000114"></testcase>
<testcase classname="spec.lib.push_formats.refworks_spec" name="PushFormats::Refworks#to_sym should eql :refworks" file="./spec/lib/push_formats/refworks_spec.rb" time="0.000088"></testcase>
<testcase classname="spec.lib.push_formats.ris_spec" name="PushFormats::Ris#initialize should be an instance of PushFormats::Ris" file="./spec/lib/push_formats/ris_spec.rb" time="0.000078"></testcase>
<testcase classname="spec.lib.push_formats.ris_spec" name="PushFormats::Ris#initialize name should eql &quot;RIS&quot;" file="./spec/lib/push_formats/ris_spec.rb" time="0.000097"></testcase>
<testcase classname="spec.lib.push_formats.ris_spec" name="PushFormats::Ris#initialize id should eql &quot;ris&quot;" file="./spec/lib/push_formats/ris_spec.rb" time="0.000139"></testcase>
<testcase classname="spec.lib.push_formats.ris_spec" name="PushFormats::Ris#initialize action should eql &quot;&quot;" file="./spec/lib/push_formats/ris_spec.rb" time="0.000090"></testcase>
<testcase classname="spec.lib.push_formats.ris_spec" name="PushFormats::Ris#initialize method should eql &quot;POST&quot;" file="./spec/lib/push_formats/ris_spec.rb" time="0.000117"></testcase>
<testcase classname="spec.lib.push_formats.ris_spec" name="PushFormats::Ris#initialize enctype should eql &quot;application/x-www-form-urlencoded&quot;" file="./spec/lib/push_formats/ris_spec.rb" time="0.000088"></testcase>
<testcase classname="spec.lib.push_formats.ris_spec" name="PushFormats::Ris#initialize element_name should eql &quot;data&quot;" file="./spec/lib/push_formats/ris_spec.rb" time="0.000119"></testcase>
<testcase classname="spec.lib.push_formats.ris_spec" name="PushFormats::Ris#initialize filename should eql &quot;export.ris&quot;" file="./spec/lib/push_formats/ris_spec.rb" time="0.000130"></testcase>
<testcase classname="spec.lib.push_formats.ris_spec" name="PushFormats::Ris#initialize to_format should eql &quot;ris&quot;" file="./spec/lib/push_formats/ris_spec.rb" time="0.000095"></testcase>
<testcase classname="spec.lib.push_formats.ris_spec" name="PushFormats::Ris#initialize mimetype should eql &quot;application/x-research-info-systems&quot;" file="./spec/lib/push_formats/ris_spec.rb" time="0.000094"></testcase>
<testcase classname="spec.lib.push_formats.ris_spec" name="PushFormats::Ris#redirect_to_external? should equal false" file="./spec/lib/push_formats/ris_spec.rb" time="0.000085"></testcase>
<testcase classname="spec.lib.push_formats.ris_spec" name="PushFormats::Ris#post_form_to_external? should equal false" file="./spec/lib/push_formats/ris_spec.rb" time="0.000082"></testcase>
<testcase classname="spec.lib.push_formats.ris_spec" name="PushFormats::Ris#download? should equal true" file="./spec/lib/push_formats/ris_spec.rb" time="0.000087"></testcase>
<testcase classname="spec.lib.push_formats.ris_spec" name="PushFormats::Ris#to_sym should eql :ris" file="./spec/lib/push_formats/ris_spec.rb" time="0.000088"></testcase>
</testsuite>
