{
  "RSpec": {
    "coverage": {
      "/Users/Barnaby/apps/push_to_cite/app/lib/push_formats/base.rb": [
        1,
        1,
        1,
        null,
        null,
        1,
        109,
        109,
        109,
        109,
        109,
        109,
        109,
        109,
        109,
        null,
        null,
        1,
        21,
        null,
        null,
        null,
        1,
        20,
        null,
        null,
        null,
        1,
        17,
        null,
        null,
        1,
        16,
        null,
        null,
        null
      ],
      "/Users/Barnaby/apps/push_to_cite/app/lib/push_formats/ris.rb": [
        1,
        1,
        1,
        null,
        1,
        32,
        32,
        32,
        32,
        32,
        null,
        null,
        null,
        null
      ],
      "/Users/Barnaby/apps/push_to_cite/app/lib/push_formats/endnote.rb": [
        1,
        1,
        1,
        null,
        1,
        15,
        15,
        15,
        15,
        15,
        null,
        null,
        null,
        1,
        4,
        null,
        null,
        null,
        null
      ],
      "/Users/Barnaby/apps/push_to_cite/app/lib/push_formats/bibtex.rb": [
        1,
        1,
        1,
        null,
        1,
        15,
        15,
        15,
        15,
        15,
        null,
        null,
        null,
        null
      ],
      "/Users/Barnaby/apps/push_to_cite/app/lib/push_formats/refworks.rb": [
        1,
        1,
        1,
        null,
        1,
        17,
        17,
        17,
        17,
        17,
        null,
        null,
        null,
        1,
        5,
        null,
        null,
        null,
        null
      ],
      "/Users/Barnaby/apps/push_to_cite/app/lib/push_formats/openurl.rb": [
        1,
        1,
        1,
        null,
        1,
        16,
        16,
        16,
        null,
        null,
        null,
        null
      ],
      "/Users/Barnaby/apps/push_to_cite/app/lib/calling_systems/primo.rb": [
        1,
        null,
        1,
        1,
        null,
        1,
        1,
        null,
        1,
        null,
        1,
        31,
        31,
        31,
        null,
        null,
        1,
        46,
        null,
        null,
        1,
        14,
        null,
        null,
        1,
        25,
        null,
        null,
        1,
        38,
        null,
        null,
        1,
        null,
        1,
        27,
        null,
        null,
        null
      ],
      "/Users/Barnaby/apps/push_to_cite/app/controllers/application_controller.rb": [
        1,
        1,
        null,
        1,
        1,
        null,
        null,
        1,
        1,
        1,
        null,
        1,
        null,
        1,
        null,
        29,
        26,
        25,
        25,
        23,
        null,
        null,
        null,
        1,
        2,
        2,
        null,
        null,
        null,
        1,
        10,
        null,
        null,
        null,
        1,
        null,
        10,
        null,
        null,
        1,
        3,
        3,
        null,
        null,
        1,
        3,
        3,
        null,
        null,
        1,
        1,
        1,
        null,
        null,
        1,
        null,
        null,
        1,
        4,
        4,
        4,
        null,
        null,
        null,
        null,
        null,
        null,
        null,
        null,
        1,
        6,
        1,
        5,
        2,
        2,
        null,
        0,
        null,
        null,
        3,
        null,
        null,
        null,
        null,
        1,
        26,
        26,
        null,
        1,
        null,
        3,
        null,
        18,
        null,
        1,
        null,
        2,
        1,
        null,
        null,
        null,
        null,
        null,
        1,
        1,
        null,
        null,
        null,
        1,
        32,
        null,
        null,
        null,
        1,
        54,
        null,
        null,
        1,
        17,
        null,
        null,
        null
      ],
      "/Users/Barnaby/apps/push_to_cite/spec/controllers/application_controller_spec.rb": [
        1,
        null,
        1,
        30,
        null,
        24,
        27,
        17,
        27,
        1,
        27,
        null,
        null,
        null,
        null,
        null,
        1,
        4,
        null,
        1,
        1,
        null,
        1,
        1,
        null,
        null,
        1,
        3,
        3,
        2,
        2,
        null,
        null,
        1,
        11,
        11,
        2,
        2,
        2,
        2,
        2,
        2,
        2,
        2,
        2,
        2,
        null,
        null,
        1,
        1,
        17,
        null,
        null,
        1,
        5,
        1,
        2,
        2,
        null,
        1,
        2,
        2,
        null,
        1,
        2,
        2,
        null,
        1,
        2,
        2,
        null,
        null,
        null,
        1,
        4,
        1,
        4,
        2,
        2,
        2,
        null,
        null,
        null,
        1,
        11,
        1,
        4,
        2,
        2,
        2,
        null,
        1,
        2,
        2,
        null,
        1,
        2,
        2,
        null,
        1,
        4,
        2,
        2,
        2,
        null,
        1,
        3,
        2,
        2,
        null,
        null,
        null,
        null
      ],
      "/Users/Barnaby/apps/push_to_cite/spec/lib/calling_systems/primo_spec.rb": [
        1,
        null,
        1,
        null,
        8,
        9,
        9,
        null,
        1,
        4,
        2,
        2,
        2,
        null,
        null,
        1,
        2,
        1,
        2,
        null,
        null,
        null,
        1,
        2,
        2,
        null,
        null,
        1,
        3,
        1,
        2,
        null,
        1,
        2,
        2,
        null,
        null,
        null,
        1,
        2,
        2,
        null,
        null,
        null
      ],
      "/Users/Barnaby/apps/push_to_cite/spec/lib/push_formats/base_spec.rb": [
        1,
        null,
        1,
        null,
        15,
        null,
        1,
        11,
        2,
        2,
        2,
        2,
        2,
        2,
        2,
        2,
        2,
        2,
        null,
        null,
        1,
        2,
        2,
        null,
        null,
        1,
        2,
        2,
        null,
        null,
        1,
        2,
        2,
        null,
        null,
        1,
        2,
        2,
        null,
        null,
        null
      ],
      "/Users/Barnaby/apps/push_to_cite/spec/lib/push_formats/bibtex_spec.rb": [
        1,
        null,
        1,
        null,
        15,
        null,
        1,
        11,
        2,
        2,
        2,
        2,
        2,
        2,
        2,
        2,
        2,
        2,
        null,
        null,
        1,
        2,
        2,
        null,
        null,
        1,
        2,
        2,
        null,
        null,
        1,
        2,
        2,
        null,
        null,
        1,
        2,
        2,
        null,
        null,
        null
      ],
      "/Users/Barnaby/apps/push_to_cite/spec/lib/push_formats/endnote_spec.rb": [
        1,
        null,
        1,
        null,
        15,
        null,
        1,
        11,
        2,
        2,
        2,
        2,
        2,
        2,
        2,
        2,
        2,
        2,
        null,
        null,
        1,
        2,
        2,
        null,
        null,
        1,
        2,
        2,
        null,
        null,
        1,
        2,
        2,
        null,
        null,
        1,
        2,
        2,
        null,
        null,
        null
      ],
      "/Users/Barnaby/apps/push_to_cite/spec/lib/push_formats/openurl_spec.rb": [
        1,
        null,
        1,
        null,
        15,
        null,
        1,
        11,
        2,
        2,
        2,
        2,
        2,
        2,
        2,
        2,
        2,
        2,
        null,
        null,
        1,
        2,
        2,
        null,
        null,
        1,
        2,
        2,
        null,
        null,
        1,
        2,
        2,
        null,
        null,
        1,
        2,
        2,
        null,
        null,
        null
      ],
      "/Users/Barnaby/apps/push_to_cite/spec/lib/push_formats/refworks_spec.rb": [
        1,
        null,
        1,
        null,
        15,
        null,
        1,
        11,
        2,
        2,
        2,
        2,
        2,
        2,
        2,
        2,
        2,
        2,
        null,
        null,
        1,
        2,
        2,
        null,
        null,
        1,
        2,
        2,
        null,
        null,
        1,
        2,
        2,
        null,
        null,
        1,
        2,
        2,
        null,
        null,
        null
      ],
      "/Users/Barnaby/apps/push_to_cite/spec/lib/push_formats/ris_spec.rb": [
        1,
        null,
        1,
        null,
        15,
        null,
        1,
        11,
        2,
        2,
        2,
        2,
        2,
        2,
        2,
        2,
        2,
        2,
        null,
        null,
        1,
        2,
        2,
        null,
        null,
        1,
        2,
        2,
        null,
        null,
        1,
        2,
        2,
        null,
        null,
        1,
        2,
        2,
        null,
        null,
        null,
        null,
        null
      ]
    },
    "timestamp": 1541780480
  }
}
